\BOOKMARK [0][-]{chapter.1}{Le projet}{}% 1
\BOOKMARK [1][-]{section.1.1}{Contexte}{chapter.1}% 2
\BOOKMARK [1][-]{section.1.2}{Environnement de d\351veloppement}{chapter.1}% 3
\BOOKMARK [1][-]{section.1.3}{Pr\351-requis}{chapter.1}% 4
\BOOKMARK [2][-]{subsection.1.3.1}{Jeu sur la guitare}{section.1.3}% 5
\BOOKMARK [2][-]{subsection.1.3.2}{Lecture de notes sur la port\351e}{section.1.3}% 6
\BOOKMARK [0][-]{chapter.2}{Impl\351mentation}{}% 7
\BOOKMARK [1][-]{section.2.1}{Architecture de l'application}{chapter.2}% 8
\BOOKMARK [1][-]{section.2.2}{Fonctionnalit\351s}{chapter.2}% 9
\BOOKMARK [2][-]{subsection.2.2.1}{GameController}{section.2.2}% 10
\BOOKMARK [2][-]{subsection.2.2.2}{GameModel}{section.2.2}% 11
\BOOKMARK [2][-]{subsection.2.2.3}{KeyboardController}{section.2.2}% 12
\BOOKMARK [2][-]{subsection.2.2.4}{KeyboardView}{section.2.2}% 13
\BOOKMARK [2][-]{subsection.2.2.5}{NeckController}{section.2.2}% 14
\BOOKMARK [2][-]{subsection.2.2.6}{NeckView}{section.2.2}% 15
\BOOKMARK [2][-]{subsection.2.2.7}{Note}{section.2.2}% 16
\BOOKMARK [2][-]{subsection.2.2.8}{ScoreController}{section.2.2}% 17
\BOOKMARK [2][-]{subsection.2.2.9}{ScoreView}{section.2.2}% 18
\BOOKMARK [2][-]{subsection.2.2.10}{SoundController}{section.2.2}% 19
\BOOKMARK [2][-]{subsection.2.2.11}{StaffController}{section.2.2}% 20
\BOOKMARK [2][-]{subsection.2.2.12}{StaffView}{section.2.2}% 21
