This is pdfTeX, Version 3.1415926-2.5-1.40.14 (TeX Live 2013/Debian) (format=pdflatex 2015.3.1)  3 MAY 2015 21:14
entering extended mode
 restricted \write18 enabled.
 %&-line parsing enabled.
**Rapport.tex
(./Rapport.tex
LaTeX2e <2011/06/27>
Babel <3.9h> and hyphenation patterns for 6 languages loaded.
(/usr/share/texlive/texmf-dist/tex/latex/koma-script/scrreprt.cls
Document Class: scrreprt 2013/12/19 v3.12 KOMA-Script document class (report)
(/usr/share/texlive/texmf-dist/tex/latex/koma-script/scrkbase.sty
Package: scrkbase 2013/12/19 v3.12 KOMA-Script package (KOMA-Script-dependent b
asics and keyval usage)

(/usr/share/texlive/texmf-dist/tex/latex/koma-script/scrbase.sty
Package: scrbase 2013/12/19 v3.12 KOMA-Script package (KOMA-Script-independent 
basics and keyval usage)

(/usr/share/texlive/texmf-dist/tex/latex/graphics/keyval.sty
Package: keyval 1999/03/16 v1.13 key=value parser (DPC)
\KV@toks@=\toks14
)
(/usr/share/texlive/texmf-dist/tex/latex/koma-script/scrlfile.sty
Package: scrlfile 2013/12/19 v3.12 KOMA-Script package (loading files)

Package scrlfile, 2013/12/19 v3.12 KOMA-Script package (loading files)
                  Copyright (C) Markus Kohm

))) (/usr/share/texlive/texmf-dist/tex/latex/koma-script/tocbasic.sty
Package: tocbasic 2013/12/19 v3.12 KOMA-Script package (handling toc-files)
)
Package tocbasic Info: omitting babel extension for `toc'
(tocbasic)             because of feature `nobabel' available
(tocbasic)             for `toc' on input line 117.
Package tocbasic Info: omitting babel extension for `lof'
(tocbasic)             because of feature `nobabel' available
(tocbasic)             for `lof' on input line 118.
Package tocbasic Info: omitting babel extension for `lot'
(tocbasic)             because of feature `nobabel' available
(tocbasic)             for `lot' on input line 119.
Package tocbasic Info: defining new hook before heading of `' on input line 112
3.
Class scrreprt Info: File `scrsize11pt.clo' used instead of
(scrreprt)           file `scrsize11.clo' to setup font sizes on input line 165
5.

(/usr/share/texlive/texmf-dist/tex/latex/koma-script/scrsize11pt.clo
File: scrsize11pt.clo 2013/12/19 v3.12 KOMA-Script font size class option (11pt
)
)
(/usr/share/texlive/texmf-dist/tex/latex/koma-script/typearea.sty
Package: typearea 2013/12/19 v3.12 KOMA-Script package (type area)

Package typearea, 2013/12/19 v3.12 KOMA-Script package (type area)
                  Copyright (C) Frank Neukam, 1992-1994
                  Copyright (C) Markus Kohm, 1994-

\ta@bcor=\skip41
\ta@div=\count79
\ta@hblk=\skip42
\ta@vblk=\skip43
\ta@temp=\skip44
\footheight=\skip45
Package typearea Info: These are the values describing the layout:
(typearea)             DIV  = 10
(typearea)             BCOR = 0.0pt
(typearea)             \paperwidth      = 597.50793pt
(typearea)              \textwidth      = 418.25555pt
(typearea)              DIV departure   = -6%
(typearea)              \evensidemargin = 17.3562pt
(typearea)              \oddsidemargin  = 17.3562pt
(typearea)             \paperheight     = 845.04694pt
(typearea)              \textheight     = 595.80026pt
(typearea)              \topmargin      = -25.16531pt
(typearea)              \headheight     = 17.0pt
(typearea)              \headsep        = 20.40001pt
(typearea)              \topskip        = 11.0pt
(typearea)              \footskip       = 47.6pt
(typearea)              \baselineskip   = 13.6pt
(typearea)              on input line 1330.
)
\c@part=\count80
\c@chapter=\count81
\c@section=\count82
\c@subsection=\count83
\c@subsubsection=\count84
\c@paragraph=\count85
\c@subparagraph=\count86
\abovecaptionskip=\skip46
\belowcaptionskip=\skip47
\c@pti@nb@sid@b@x=\box26
\c@figure=\count87
\c@table=\count88
\bibindent=\dimen102
) (/usr/share/texlive/texmf-dist/tex/latex/geometry/geometry.sty
Package: geometry 2010/09/12 v5.6 Page Geometry

(/usr/share/texlive/texmf-dist/tex/generic/oberdiek/ifpdf.sty
Package: ifpdf 2011/01/30 v2.3 Provides the ifpdf switch (HO)
Package ifpdf Info: pdfTeX in PDF mode is detected.
)
(/usr/share/texlive/texmf-dist/tex/generic/oberdiek/ifvtex.sty
Package: ifvtex 2010/03/01 v1.5 Detect VTeX and its facilities (HO)
Package ifvtex Info: VTeX not detected.
)
(/usr/share/texlive/texmf-dist/tex/generic/ifxetex/ifxetex.sty
Package: ifxetex 2010/09/12 v0.6 Provides ifxetex conditional
)
\Gm@cnth=\count89
\Gm@cntv=\count90
\c@Gm@tempcnt=\count91
\Gm@bindingoffset=\dimen103
\Gm@wd@mp=\dimen104
\Gm@odd@mp=\dimen105
\Gm@even@mp=\dimen106
\Gm@layoutwidth=\dimen107
\Gm@layoutheight=\dimen108
\Gm@layouthoffset=\dimen109
\Gm@layoutvoffset=\dimen110
\Gm@dimlist=\toks15
)
(/usr/share/texlive/texmf-dist/tex/generic/babel/babel.sty
Package: babel 2013/12/03 3.9h The Babel package

(/usr/share/texlive/texmf-dist/tex/generic/babel-french/frenchb.ldf
Language: frenchb 2013/12/30 v2.6g French support from the babel system

(/usr/share/texlive/texmf-dist/tex/generic/babel/babel.def
File: babel.def 2013/12/03 3.9h Babel common definitions
\babel@savecnt=\count92
\U@D=\dimen111
)
\FB@interchartokenstateORI=\count93
Package babel Info: Making : an active character on input line 244.
Package babel Info: Making ; an active character on input line 245.
Package babel Info: Making ! an active character on input line 246.
Package babel Info: Making ? an active character on input line 247.
\FB@Mht=\dimen112
\std@mcc=\count94
\dec@mcc=\count95
\listindentFB=\skip48
\labelwidthFB=\skip49
\leftmarginFB=\skip50
\parindentFFN=\dimen113
))
(/usr/share/texlive/texmf-dist/tex/latex/carlisle/scalefnt.sty)
(/usr/share/texlive/texmf-dist/tex/latex/base/inputenc.sty
Package: inputenc 2008/03/30 v1.1d Input encoding file
\inpenc@prehook=\toks16
\inpenc@posthook=\toks17

(/usr/share/texlive/texmf-dist/tex/latex/base/utf8.def
File: utf8.def 2008/04/05 v1.1m UTF-8 support for inputenc
Now handling font encoding OML ...
... no UTF-8 mapping file for font encoding OML
Now handling font encoding T1 ...
... processing UTF-8 mapping file for font encoding T1

(/usr/share/texlive/texmf-dist/tex/latex/base/t1enc.dfu
File: t1enc.dfu 2008/04/05 v1.1m UTF-8 support for inputenc
   defining Unicode char U+00A1 (decimal 161)
   defining Unicode char U+00A3 (decimal 163)
   defining Unicode char U+00AB (decimal 171)
   defining Unicode char U+00BB (decimal 187)
   defining Unicode char U+00BF (decimal 191)
   defining Unicode char U+00C0 (decimal 192)
   defining Unicode char U+00C1 (decimal 193)
   defining Unicode char U+00C2 (decimal 194)
   defining Unicode char U+00C3 (decimal 195)
   defining Unicode char U+00C4 (decimal 196)
   defining Unicode char U+00C5 (decimal 197)
   defining Unicode char U+00C6 (decimal 198)
   defining Unicode char U+00C7 (decimal 199)
   defining Unicode char U+00C8 (decimal 200)
   defining Unicode char U+00C9 (decimal 201)
   defining Unicode char U+00CA (decimal 202)
   defining Unicode char U+00CB (decimal 203)
   defining Unicode char U+00CC (decimal 204)
   defining Unicode char U+00CD (decimal 205)
   defining Unicode char U+00CE (decimal 206)
   defining Unicode char U+00CF (decimal 207)
   defining Unicode char U+00D0 (decimal 208)
   defining Unicode char U+00D1 (decimal 209)
   defining Unicode char U+00D2 (decimal 210)
   defining Unicode char U+00D3 (decimal 211)
   defining Unicode char U+00D4 (decimal 212)
   defining Unicode char U+00D5 (decimal 213)
   defining Unicode char U+00D6 (decimal 214)
   defining Unicode char U+00D8 (decimal 216)
   defining Unicode char U+00D9 (decimal 217)
   defining Unicode char U+00DA (decimal 218)
   defining Unicode char U+00DB (decimal 219)
   defining Unicode char U+00DC (decimal 220)
   defining Unicode char U+00DD (decimal 221)
   defining Unicode char U+00DE (decimal 222)
   defining Unicode char U+00DF (decimal 223)
   defining Unicode char U+00E0 (decimal 224)
   defining Unicode char U+00E1 (decimal 225)
   defining Unicode char U+00E2 (decimal 226)
   defining Unicode char U+00E3 (decimal 227)
   defining Unicode char U+00E4 (decimal 228)
   defining Unicode char U+00E5 (decimal 229)
   defining Unicode char U+00E6 (decimal 230)
   defining Unicode char U+00E7 (decimal 231)
   defining Unicode char U+00E8 (decimal 232)
   defining Unicode char U+00E9 (decimal 233)
   defining Unicode char U+00EA (decimal 234)
   defining Unicode char U+00EB (decimal 235)
   defining Unicode char U+00EC (decimal 236)
   defining Unicode char U+00ED (decimal 237)
   defining Unicode char U+00EE (decimal 238)
   defining Unicode char U+00EF (decimal 239)
   defining Unicode char U+00F0 (decimal 240)
   defining Unicode char U+00F1 (decimal 241)
   defining Unicode char U+00F2 (decimal 242)
   defining Unicode char U+00F3 (decimal 243)
   defining Unicode char U+00F4 (decimal 244)
   defining Unicode char U+00F5 (decimal 245)
   defining Unicode char U+00F6 (decimal 246)
   defining Unicode char U+00F8 (decimal 248)
   defining Unicode char U+00F9 (decimal 249)
   defining Unicode char U+00FA (decimal 250)
   defining Unicode char U+00FB (decimal 251)
   defining Unicode char U+00FC (decimal 252)
   defining Unicode char U+00FD (decimal 253)
   defining Unicode char U+00FE (decimal 254)
   defining Unicode char U+00FF (decimal 255)
   defining Unicode char U+0102 (decimal 258)
   defining Unicode char U+0103 (decimal 259)
   defining Unicode char U+0104 (decimal 260)
   defining Unicode char U+0105 (decimal 261)
   defining Unicode char U+0106 (decimal 262)
   defining Unicode char U+0107 (decimal 263)
   defining Unicode char U+010C (decimal 268)
   defining Unicode char U+010D (decimal 269)
   defining Unicode char U+010E (decimal 270)
   defining Unicode char U+010F (decimal 271)
   defining Unicode char U+0110 (decimal 272)
   defining Unicode char U+0111 (decimal 273)
   defining Unicode char U+0118 (decimal 280)
   defining Unicode char U+0119 (decimal 281)
   defining Unicode char U+011A (decimal 282)
   defining Unicode char U+011B (decimal 283)
   defining Unicode char U+011E (decimal 286)
   defining Unicode char U+011F (decimal 287)
   defining Unicode char U+0130 (decimal 304)
   defining Unicode char U+0131 (decimal 305)
   defining Unicode char U+0132 (decimal 306)
   defining Unicode char U+0133 (decimal 307)
   defining Unicode char U+0139 (decimal 313)
   defining Unicode char U+013A (decimal 314)
   defining Unicode char U+013D (decimal 317)
   defining Unicode char U+013E (decimal 318)
   defining Unicode char U+0141 (decimal 321)
   defining Unicode char U+0142 (decimal 322)
   defining Unicode char U+0143 (decimal 323)
   defining Unicode char U+0144 (decimal 324)
   defining Unicode char U+0147 (decimal 327)
   defining Unicode char U+0148 (decimal 328)
   defining Unicode char U+014A (decimal 330)
   defining Unicode char U+014B (decimal 331)
   defining Unicode char U+0150 (decimal 336)
   defining Unicode char U+0151 (decimal 337)
   defining Unicode char U+0152 (decimal 338)
   defining Unicode char U+0153 (decimal 339)
   defining Unicode char U+0154 (decimal 340)
   defining Unicode char U+0155 (decimal 341)
   defining Unicode char U+0158 (decimal 344)
   defining Unicode char U+0159 (decimal 345)
   defining Unicode char U+015A (decimal 346)
   defining Unicode char U+015B (decimal 347)
   defining Unicode char U+015E (decimal 350)
   defining Unicode char U+015F (decimal 351)
   defining Unicode char U+0160 (decimal 352)
   defining Unicode char U+0161 (decimal 353)
   defining Unicode char U+0162 (decimal 354)
   defining Unicode char U+0163 (decimal 355)
   defining Unicode char U+0164 (decimal 356)
   defining Unicode char U+0165 (decimal 357)
   defining Unicode char U+016E (decimal 366)
   defining Unicode char U+016F (decimal 367)
   defining Unicode char U+0170 (decimal 368)
   defining Unicode char U+0171 (decimal 369)
   defining Unicode char U+0178 (decimal 376)
   defining Unicode char U+0179 (decimal 377)
   defining Unicode char U+017A (decimal 378)
   defining Unicode char U+017B (decimal 379)
   defining Unicode char U+017C (decimal 380)
   defining Unicode char U+017D (decimal 381)
   defining Unicode char U+017E (decimal 382)
   defining Unicode char U+200C (decimal 8204)
   defining Unicode char U+2013 (decimal 8211)
   defining Unicode char U+2014 (decimal 8212)
   defining Unicode char U+2018 (decimal 8216)
   defining Unicode char U+2019 (decimal 8217)
   defining Unicode char U+201A (decimal 8218)
   defining Unicode char U+201C (decimal 8220)
   defining Unicode char U+201D (decimal 8221)
   defining Unicode char U+201E (decimal 8222)
   defining Unicode char U+2030 (decimal 8240)
   defining Unicode char U+2031 (decimal 8241)
   defining Unicode char U+2039 (decimal 8249)
   defining Unicode char U+203A (decimal 8250)
   defining Unicode char U+2423 (decimal 9251)
)
Now handling font encoding OT1 ...
... processing UTF-8 mapping file for font encoding OT1

(/usr/share/texlive/texmf-dist/tex/latex/base/ot1enc.dfu
File: ot1enc.dfu 2008/04/05 v1.1m UTF-8 support for inputenc
   defining Unicode char U+00A1 (decimal 161)
   defining Unicode char U+00A3 (decimal 163)
   defining Unicode char U+00B8 (decimal 184)
   defining Unicode char U+00BF (decimal 191)
   defining Unicode char U+00C5 (decimal 197)
   defining Unicode char U+00C6 (decimal 198)
   defining Unicode char U+00D8 (decimal 216)
   defining Unicode char U+00DF (decimal 223)
   defining Unicode char U+00E6 (decimal 230)
   defining Unicode char U+00EC (decimal 236)
   defining Unicode char U+00ED (decimal 237)
   defining Unicode char U+00EE (decimal 238)
   defining Unicode char U+00EF (decimal 239)
   defining Unicode char U+00F8 (decimal 248)
   defining Unicode char U+0131 (decimal 305)
   defining Unicode char U+0141 (decimal 321)
   defining Unicode char U+0142 (decimal 322)
   defining Unicode char U+0152 (decimal 338)
   defining Unicode char U+0153 (decimal 339)
   defining Unicode char U+2013 (decimal 8211)
   defining Unicode char U+2014 (decimal 8212)
   defining Unicode char U+2018 (decimal 8216)
   defining Unicode char U+2019 (decimal 8217)
   defining Unicode char U+201C (decimal 8220)
   defining Unicode char U+201D (decimal 8221)
)
Now handling font encoding OMS ...
... processing UTF-8 mapping file for font encoding OMS

(/usr/share/texlive/texmf-dist/tex/latex/base/omsenc.dfu
File: omsenc.dfu 2008/04/05 v1.1m UTF-8 support for inputenc
   defining Unicode char U+00A7 (decimal 167)
   defining Unicode char U+00B6 (decimal 182)
   defining Unicode char U+00B7 (decimal 183)
   defining Unicode char U+2020 (decimal 8224)
   defining Unicode char U+2021 (decimal 8225)
   defining Unicode char U+2022 (decimal 8226)
)
Now handling font encoding OMX ...
... no UTF-8 mapping file for font encoding OMX
Now handling font encoding U ...
... no UTF-8 mapping file for font encoding U
   defining Unicode char U+00A9 (decimal 169)
   defining Unicode char U+00AA (decimal 170)
   defining Unicode char U+00AE (decimal 174)
   defining Unicode char U+00BA (decimal 186)
   defining Unicode char U+02C6 (decimal 710)
   defining Unicode char U+02DC (decimal 732)
   defining Unicode char U+200C (decimal 8204)
   defining Unicode char U+2026 (decimal 8230)
   defining Unicode char U+2122 (decimal 8482)
   defining Unicode char U+2423 (decimal 9251)
))
(/usr/share/texlive/texmf-dist/tex/latex/hyperref/hyperref.sty
Package: hyperref 2012/11/06 v6.83m Hypertext links for LaTeX

(/usr/share/texlive/texmf-dist/tex/generic/oberdiek/hobsub-hyperref.sty
Package: hobsub-hyperref 2012/05/28 v1.13 Bundle oberdiek, subset hyperref (HO)


(/usr/share/texlive/texmf-dist/tex/generic/oberdiek/hobsub-generic.sty
Package: hobsub-generic 2012/05/28 v1.13 Bundle oberdiek, subset generic (HO)
Package: hobsub 2012/05/28 v1.13 Construct package bundles (HO)
Package: infwarerr 2010/04/08 v1.3 Providing info/warning/error messages (HO)
Package: ltxcmds 2011/11/09 v1.22 LaTeX kernel commands for general use (HO)
Package: ifluatex 2010/03/01 v1.3 Provides the ifluatex switch (HO)
Package ifluatex Info: LuaTeX not detected.
Package hobsub Info: Skipping package `ifvtex' (already loaded).
Package: intcalc 2007/09/27 v1.1 Expandable calculations with integers (HO)
Package hobsub Info: Skipping package `ifpdf' (already loaded).
Package: etexcmds 2011/02/16 v1.5 Avoid name clashes with e-TeX commands (HO)
Package etexcmds Info: Could not find \expanded.
(etexcmds)             That can mean that you are not using pdfTeX 1.50 or
(etexcmds)             that some package has redefined \expanded.
(etexcmds)             In the latter case, load this package earlier.
Package: kvsetkeys 2012/04/25 v1.16 Key value parser (HO)
Package: kvdefinekeys 2011/04/07 v1.3 Define keys (HO)
Package: pdftexcmds 2011/11/29 v0.20 Utility functions of pdfTeX for LuaTeX (HO
)
Package pdftexcmds Info: LuaTeX not detected.
Package pdftexcmds Info: \pdf@primitive is available.
Package pdftexcmds Info: \pdf@ifprimitive is available.
Package pdftexcmds Info: \pdfdraftmode found.
Package: pdfescape 2011/11/25 v1.13 Implements pdfTeX's escape features (HO)
Package: bigintcalc 2012/04/08 v1.3 Expandable calculations on big integers (HO
)
Package: bitset 2011/01/30 v1.1 Handle bit-vector datatype (HO)
Package: uniquecounter 2011/01/30 v1.2 Provide unlimited unique counter (HO)
)
Package hobsub Info: Skipping package `hobsub' (already loaded).
Package: letltxmacro 2010/09/02 v1.4 Let assignment for LaTeX macros (HO)
Package: hopatch 2012/05/28 v1.2 Wrapper for package hooks (HO)
Package: xcolor-patch 2011/01/30 xcolor patch
Package: atveryend 2011/06/30 v1.8 Hooks at the very end of document (HO)
Package atveryend Info: \enddocument detected (standard20110627).
Package: atbegshi 2011/10/05 v1.16 At begin shipout hook (HO)
Package: refcount 2011/10/16 v3.4 Data extraction from label references (HO)
Package: hycolor 2011/01/30 v1.7 Color options for hyperref/bookmark (HO)
)
(/usr/share/texlive/texmf-dist/tex/latex/oberdiek/auxhook.sty
Package: auxhook 2011/03/04 v1.3 Hooks for auxiliary files (HO)
)
(/usr/share/texlive/texmf-dist/tex/latex/oberdiek/kvoptions.sty
Package: kvoptions 2011/06/30 v3.11 Key value format for package options (HO)
)
\@linkdim=\dimen114
\Hy@linkcounter=\count96
\Hy@pagecounter=\count97

(/usr/share/texlive/texmf-dist/tex/latex/hyperref/pd1enc.def
File: pd1enc.def 2012/11/06 v6.83m Hyperref: PDFDocEncoding definition (HO)
Now handling font encoding PD1 ...
... no UTF-8 mapping file for font encoding PD1
)
\Hy@SavedSpaceFactor=\count98

(/usr/share/texlive/texmf-dist/tex/latex/latexconfig/hyperref.cfg
File: hyperref.cfg 2002/06/06 v1.2 hyperref configuration of TeXLive
)
Package hyperref Info: Option `colorlinks' set `true' on input line 4319.
Package hyperref Info: Hyper figures OFF on input line 4443.
Package hyperref Info: Link nesting OFF on input line 4448.
Package hyperref Info: Hyper index ON on input line 4451.
Package hyperref Info: Plain pages OFF on input line 4458.
Package hyperref Info: Backreferencing OFF on input line 4463.
Package hyperref Info: Implicit mode ON; LaTeX internals redefined.
Package hyperref Info: Bookmarks ON on input line 4688.
\c@Hy@tempcnt=\count99

(/usr/share/texlive/texmf-dist/tex/latex/url/url.sty
\Urlmuskip=\muskip10
Package: url 2013/09/16  ver 3.4  Verb mode for urls, etc.
)
LaTeX Info: Redefining \url on input line 5041.
\XeTeXLinkMargin=\dimen115
\Fld@menulength=\count100
\Field@Width=\dimen116
\Fld@charsize=\dimen117
Package hyperref Info: Hyper figures OFF on input line 6295.
Package hyperref Info: Link nesting OFF on input line 6300.
Package hyperref Info: Hyper index ON on input line 6303.
Package hyperref Info: backreferencing OFF on input line 6310.
Package hyperref Info: Link coloring ON on input line 6313.
Package hyperref Info: Link coloring with OCG OFF on input line 6320.
Package hyperref Info: PDF/A mode OFF on input line 6325.
LaTeX Info: Redefining \ref on input line 6365.
LaTeX Info: Redefining \pageref on input line 6369.
\Hy@abspage=\count101
\c@Item=\count102
\c@Hfootnote=\count103
)

Package hyperref Message: Driver (autodetected): hpdftex.

(/usr/share/texlive/texmf-dist/tex/latex/hyperref/hpdftex.def
File: hpdftex.def 2012/11/06 v6.83m Hyperref driver for pdfTeX
\Fld@listcount=\count104
\c@bookmark@seq@number=\count105

(/usr/share/texlive/texmf-dist/tex/latex/oberdiek/rerunfilecheck.sty
Package: rerunfilecheck 2011/04/15 v1.7 Rerun checks for auxiliary files (HO)
Package uniquecounter Info: New unique counter `rerunfilecheck' on input line 2
82.
)
\Hy@SectionHShift=\skip51
)
(/usr/share/texlive/texmf-dist/tex/latex/base/fontenc.sty
Package: fontenc 2005/09/27 v1.99g Standard LaTeX package

(/usr/share/texlive/texmf-dist/tex/latex/base/t1enc.def
File: t1enc.def 2005/09/27 v1.99g Standard LaTeX file
LaTeX Font Info:    Redeclaring font encoding T1 on input line 43.
))
(/usr/share/texlive/texmf-dist/tex/latex/csquotes/csquotes.sty
Package: csquotes 2011/10/22 v5.1d context-sensitive quotations

(/usr/share/texlive/texmf-dist/tex/latex/etoolbox/etoolbox.sty
Package: etoolbox 2011/01/03 v2.1 e-TeX tools for LaTeX

(/usr/share/texlive/texmf-dist/tex/latex/etex-pkg/etex.sty
Package: etex 1998/03/26 v2.0 eTeX basic definition package (PEB)
\et@xins=\count106
)
\etb@tempcnta=\count107
)
\csq@reset=\count108
\csq@gtype=\count109
\csq@glevel=\count110
\csq@qlevel=\count111
\csq@maxlvl=\count112
\csq@tshold=\count113
\csq@ltx@everypar=\toks18

(/usr/share/texlive/texmf-dist/tex/latex/csquotes/csquotes.def
File: csquotes.def 2011/10/22 v5.1d csquotes generic definitions
)
Package csquotes Info: Trying to load configuration file 'csquotes.cfg'...
Package csquotes Info: ... configuration file loaded successfully.

(/usr/share/texlive/texmf-dist/tex/latex/csquotes/csquotes.cfg
File: csquotes.cfg 
)
Package csquotes Info: Option 'babel' depreciated.
(csquotes)             Using 'autostyle'.
Package csquotes Info: Enabling multilingual quotes.
)
(/usr/share/texlive/texmf-dist/tex/latex/tools/array.sty
Package: array 2008/09/09 v2.4c Tabular extension package (FMi)
\col@sep=\dimen118
\extrarowheight=\dimen119
\NC@list=\toks19
\extratabsurround=\skip52
\backup@length=\skip53
)
(/usr/share/texlive/texmf-dist/tex/latex/tools/multicol.sty
Package: multicol 2011/06/27 v1.7a multicolumn formatting (FMi)
\c@tracingmulticols=\count114
\mult@box=\box27
\multicol@leftmargin=\dimen120
\c@unbalance=\count115
\c@collectmore=\count116
\doublecol@number=\count117
\multicoltolerance=\count118
\multicolpretolerance=\count119
\full@width=\dimen121
\page@free=\dimen122
\premulticols=\dimen123
\postmulticols=\dimen124
\multicolsep=\skip54
\multicolbaselineskip=\skip55
\partial@page=\box28
\last@line=\box29
\mult@rightbox=\box30
\mult@grightbox=\box31
\mult@gfirstbox=\box32
\mult@firstbox=\box33
\@tempa=\box34
\@tempa=\box35
\@tempa=\box36
\@tempa=\box37
\@tempa=\box38
\@tempa=\box39
\@tempa=\box40
\@tempa=\box41
\@tempa=\box42
\@tempa=\box43
\@tempa=\box44
\@tempa=\box45
\@tempa=\box46
\@tempa=\box47
\@tempa=\box48
\@tempa=\box49
\@tempa=\box50
\c@columnbadness=\count120
\c@finalcolumnbadness=\count121
\last@try=\dimen125
\multicolovershoot=\dimen126
\multicolundershoot=\dimen127
\mult@nat@firstbox=\box51
\colbreak@box=\box52
\multicol@sort@counter=\count122
)
(/usr/share/texlive/texmf-dist/tex/latex/graphics/graphicx.sty
Package: graphicx 1999/02/16 v1.0f Enhanced LaTeX Graphics (DPC,SPQR)

(/usr/share/texlive/texmf-dist/tex/latex/graphics/graphics.sty
Package: graphics 2009/02/05 v1.0o Standard LaTeX Graphics (DPC,SPQR)

(/usr/share/texlive/texmf-dist/tex/latex/graphics/trig.sty
Package: trig 1999/03/16 v1.09 sin cos tan (DPC)
)
(/usr/share/texlive/texmf-dist/tex/latex/latexconfig/graphics.cfg
File: graphics.cfg 2010/04/23 v1.9 graphics configuration of TeX Live
)
Package graphics Info: Driver file: pdftex.def on input line 91.

(/usr/share/texlive/texmf-dist/tex/latex/pdftex-def/pdftex.def
File: pdftex.def 2011/05/27 v0.06d Graphics/color for pdfTeX
\Gread@gobject=\count123
))
\Gin@req@height=\dimen128
\Gin@req@width=\dimen129
)
(/usr/share/texlive/texmf-dist/tex/latex/graphics/epsfig.sty
Package: epsfig 1999/02/16 v1.7a (e)psfig emulation (SPQR)
\epsfxsize=\dimen130
\epsfysize=\dimen131
)
Package csquotes Info: Checking for multilingual support...
Package csquotes Info: ... found 'babel' package.
 (./Rapport.aux)
\openout1 = `Rapport.aux'.

LaTeX Font Info:    Checking defaults for OML/cmm/m/it on input line 21.
LaTeX Font Info:    ... okay on input line 21.
LaTeX Font Info:    Checking defaults for T1/cmr/m/n on input line 21.
LaTeX Font Info:    ... okay on input line 21.
LaTeX Font Info:    Checking defaults for OT1/cmr/m/n on input line 21.
LaTeX Font Info:    ... okay on input line 21.
LaTeX Font Info:    Checking defaults for OMS/cmsy/m/n on input line 21.
LaTeX Font Info:    ... okay on input line 21.
LaTeX Font Info:    Checking defaults for OMX/cmex/m/n on input line 21.
LaTeX Font Info:    ... okay on input line 21.
LaTeX Font Info:    Checking defaults for U/cmr/m/n on input line 21.
LaTeX Font Info:    ... okay on input line 21.
LaTeX Font Info:    Checking defaults for PD1/pdf/m/n on input line 21.
LaTeX Font Info:    ... okay on input line 21.

*geometry* driver: auto-detecting
*geometry* detected driver: pdftex
*geometry* verbose mode - [ preamble ] result:
* driver: pdftex
* paper: <default>
* layout: <same size as paper>
* layoutoffset:(h,v)=(0.0pt,0.0pt)
* modes: 
* h-part:(L,W,R)=(50.58878pt, 496.33038pt, 50.58878pt)
* v-part:(T,H,B)=(50.58878pt, 743.86938pt, 50.58878pt)
* \paperwidth=597.50793pt
* \paperheight=845.04694pt
* \textwidth=496.33038pt
* \textheight=743.86938pt
* \oddsidemargin=-21.68121pt
* \evensidemargin=-21.68121pt
* \topmargin=-59.08122pt
* \headheight=17.0pt
* \headsep=20.40001pt
* \topskip=11.0pt
* \footskip=47.6pt
* \marginparwidth=59.7508pt
* \marginparsep=12.8401pt
* \columnsep=10.0pt
* \skip\footins=10.0pt plus 4.0pt minus 2.0pt
* \hoffset=0.0pt
* \voffset=0.0pt
* \mag=1000
* \@twocolumnfalse
* \@twosidefalse
* \@mparswitchfalse
* \@reversemarginfalse
* (1in=72.27pt=25.4mm, 1cm=28.453pt)

LaTeX Info: Redefining \degres on input line 21.
LaTeX Info: Redefining \dots on input line 21.
LaTeX Info: Redefining \up on input line 21.
\AtBeginShipoutBox=\box53
(/usr/share/texlive/texmf-dist/tex/latex/graphics/color.sty
Package: color 2005/11/14 v1.0j Standard LaTeX Color (DPC)

(/usr/share/texlive/texmf-dist/tex/latex/latexconfig/color.cfg
File: color.cfg 2007/01/18 v1.5 color configuration of teTeX/TeXLive
)
Package color Info: Driver file: pdftex.def on input line 130.
)
Package hyperref Info: Link coloring ON on input line 21.

(/usr/share/texlive/texmf-dist/tex/latex/hyperref/nameref.sty
Package: nameref 2012/10/27 v2.43 Cross-referencing by name of section

(/usr/share/texlive/texmf-dist/tex/generic/oberdiek/gettitlestring.sty
Package: gettitlestring 2010/12/03 v1.4 Cleanup title references (HO)
)
\c@section@level=\count124
)
LaTeX Info: Redefining \ref on input line 21.
LaTeX Info: Redefining \pageref on input line 21.
LaTeX Info: Redefining \nameref on input line 21.

(./Rapport.out) (./Rapport.out)
\@outlinefile=\write3
\openout3 = `Rapport.out'.


(/usr/share/texlive/texmf-dist/tex/context/base/supp-pdf.mkii
[Loading MPS to PDF converter (version 2006.09.02).]
\scratchcounter=\count125
\scratchdimen=\dimen132
\scratchbox=\box54
\nofMPsegments=\count126
\nofMParguments=\count127
\everyMPshowfont=\toks20
\MPscratchCnt=\count128
\MPscratchDim=\dimen133
\MPnumerator=\count129
\makeMPintoPDFobject=\count130
\everyMPtoPDFconversion=\toks21
) (/usr/share/texlive/texmf-dist/tex/latex/oberdiek/epstopdf-base.sty
Package: epstopdf-base 2010/02/09 v2.5 Base part for package epstopdf

(/usr/share/texlive/texmf-dist/tex/latex/oberdiek/grfext.sty
Package: grfext 2010/08/19 v1.1 Manage graphics extensions (HO)
)
Package grfext Info: Graphics extension search list:
(grfext)             [.png,.pdf,.jpg,.mps,.jpeg,.jbig2,.jb2,.PNG,.PDF,.JPG,.JPE
G,.JBIG2,.JB2,.eps]
(grfext)             \AppendGraphicsExtensions on input line 452.

(/usr/share/texlive/texmf-dist/tex/latex/latexconfig/epstopdf-sys.cfg
File: epstopdf-sys.cfg 2010/07/13 v1.3 Configuration of (r)epstopdf for TeX Liv
e
))
LaTeX Font Info:    Try loading font information for T1+cmss on input line 24.

(/usr/share/texlive/texmf-dist/tex/latex/base/t1cmss.fd
File: t1cmss.fd 1999/05/25 v2.5h Standard LaTeX font definitions
)
<images/logo_upmc.png, id=140, 711.65875pt x 239.89626pt>
File: images/logo_upmc.png Graphic file (type png)

<use images/logo_upmc.png>
Package pdftex.def Info: images/logo_upmc.png used on input line 29.
(pdftex.def)             Requested size: 142.32922pt x 47.9784pt.


LaTeX Font Warning: Font shape `T1/cmss/m/sc' in size <10.95> not available
(Font)              Font shape `T1/cmr/m/sc' tried instead on input line 31.


LaTeX Font Warning: Font shape `T1/cmss/m/sc' in size <17.28> not available
(Font)              Font shape `T1/cmr/m/sc' tried instead on input line 31.


LaTeX Font Warning: Font shape `T1/cmss/m/sc' in size <14.4> not available
(Font)              Font shape `T1/cmr/m/sc' tried instead on input line 33.

<images/picasso_le_vieux_balese.jpg, id=141, 200.75pt x 200.75pt>
File: images/picasso_le_vieux_balese.jpg Graphic file (type jpg)

<use images/picasso_le_vieux_balese.jpg>
Package pdftex.def Info: images/picasso_le_vieux_balese.jpg used on input line 
40.
(pdftex.def)             Requested size: 80.29857pt x 80.29857pt.


LaTeX Font Warning: Font shape `T1/cmss/m/sc' in size <12> not available
(Font)              Font shape `T1/cmr/m/sc' tried instead on input line 47.

LaTeX Font Info:    External font `cmex10' loaded for size
(Font)              <10.95> on input line 50.
LaTeX Font Info:    External font `cmex10' loaded for size
(Font)              <8> on input line 50.
LaTeX Font Info:    External font `cmex10' loaded for size
(Font)              <6> on input line 50.
[1



{/var/lib/texmf/fonts/map/pdftex/updmap/pdftex.map} <./images/logo_upmc.png> <.
/images/picasso_le_vieux_balese.jpg>] (./Rapport.toc)
\tf@toc=\write4
\openout4 = `Rapport.toc'.

 [2

]
Chapitre 1.

Underfull \hbox (badness 10000) in paragraph at lines 71--74

 []

LaTeX Font Info:    Try loading font information for T1+cmtt on input line 81.
(/usr/share/texlive/texmf-dist/tex/latex/base/t1cmtt.fd
File: t1cmtt.fd 1999/05/25 v2.5h Standard LaTeX font definitions
) [3

]
Chapitre 2.
<images/clavier_first_question.png, id=204, 856.19875pt x 483.8075pt>
File: images/clavier_first_question.png Graphic file (type png)

<use images/clavier_first_question.png>
Package pdftex.def Info: images/clavier_first_question.png used on input line 1
02.
(pdftex.def)             Requested size: 199.16928pt x 112.54314pt.

<images/fingering_question.png, id=208, 96.36pt x 67.25125pt>
File: images/fingering_question.png Graphic file (type png)

<use images/fingering_question.png>
Package pdftex.def Info: images/fingering_question.png used on input line 131.
(pdftex.def)             Requested size: 42.67912pt x 29.7856pt.

<images/fingering_good.png, id=210, 96.36pt x 67.25125pt>
File: images/fingering_good.png Graphic file (type png)

<use images/fingering_good.png>
Package pdftex.def Info: images/fingering_good.png used on input line 137.
(pdftex.def)             Requested size: 42.67912pt x 29.7856pt.

<images/fingering_bad.png, id=211, 96.36pt x 67.25125pt>
File: images/fingering_bad.png Graphic file (type png)

<use images/fingering_bad.png>
Package pdftex.def Info: images/fingering_bad.png used on input line 143.
(pdftex.def)             Requested size: 42.67912pt x 29.7856pt.
 [4

 <./images/clavier_first_question.png> <./images/fingering_question.png> <./ima
ges/fingering_good.png> <./images/fingering_bad.png>] <images/portee_first_ques
tion.png, id=225, 856.19875pt x 480.79625pt>
File: images/portee_first_question.png Graphic file (type png)

<use images/portee_first_question.png>
Package pdftex.def Info: images/portee_first_question.png used on input line 15
6.
(pdftex.def)             Requested size: 199.16928pt x 111.84265pt.

Underfull \hbox (badness 10000) in paragraph at lines 171--175

 []

<images/portee_first_bad_question.png, id=229, 855.195pt x 480.79625pt>
File: images/portee_first_bad_question.png Graphic file (type png)

<use images/portee_first_bad_question.png>
Package pdftex.def Info: images/portee_first_bad_question.png used on input lin
e 186.
(pdftex.def)             Requested size: 199.16928pt x 111.9747pt.

<images/portee_first_good_question.png, id=230, 855.195pt x 480.79625pt>
File: images/portee_first_good_question.png Graphic file (type png)

<use images/portee_first_good_question.png>
Package pdftex.def Info: images/portee_first_good_question.png used on input li
ne 192.
(pdftex.def)             Requested size: 199.16928pt x 111.9747pt.

Underfull \hbox (badness 10000) in paragraph at lines 201--204

 []

[5 <./images/portee_first_question.png> <./images/portee_first_bad_question.png
> <./images/portee_first_good_question.png>]
File: images/clavier_first_question.png Graphic file (type png)

<use images/clavier_first_question.png>
Package pdftex.def Info: images/clavier_first_question.png used on input line 2
28.
(pdftex.def)             Requested size: 142.26378pt x 80.38585pt.

<images/clavier_first_bad_question_2.png, id=242, 855.195pt x 480.79625pt>
File: images/clavier_first_bad_question_2.png Graphic file (type png)

<use images/clavier_first_bad_question_2.png>
Package pdftex.def Info: images/clavier_first_bad_question_2.png used on input 
line 239.
(pdftex.def)             Requested size: 142.26378pt x 79.98088pt.

<images/clavier_first_good_question.png, id=243, 856.19875pt x 483.8075pt>
File: images/clavier_first_good_question.png Graphic file (type png)

<use images/clavier_first_good_question.png>
Package pdftex.def Info: images/clavier_first_good_question.png used on input l
ine 249.
(pdftex.def)             Requested size: 142.26378pt x 80.38585pt.
 [6 <./images/clavier_first_bad_question_2.png> <./images/clavier_first_good_qu
estion.png>]
File: images/portee_first_question.png Graphic file (type png)

<use images/portee_first_question.png>
Package pdftex.def Info: images/portee_first_question.png used on input line 26
7.
(pdftex.def)             Requested size: 142.26378pt x 79.88551pt.
File: images/portee_first_bad_question.png Graphic file (type png)

<use images/portee_first_bad_question.png>
Package pdftex.def Info: images/portee_first_bad_question.png used on input lin
e 277.
(pdftex.def)             Requested size: 142.26378pt x 79.98088pt.
File: images/portee_first_good_question.png Graphic file (type png)

<use images/portee_first_good_question.png>
Package pdftex.def Info: images/portee_first_good_question.png used on input li
ne 288.
(pdftex.def)             Requested size: 142.26378pt x 79.98088pt.

<images/portee_octava.png, id=250, 855.195pt x 482.80376pt>
File: images/portee_octava.png Graphic file (type png)

<use images/portee_octava.png>
Package pdftex.def Info: images/portee_octava.png used on input line 298.
(pdftex.def)             Requested size: 142.26378pt x 80.31483pt.

Underfull \hbox (badness 10000) in paragraph at lines 311--312

 []


Underfull \hbox (badness 10000) in paragraph at lines 320--325

 []

[7 <./images/portee_octava.png>]
Underfull \hbox (badness 10000) in paragraph at lines 334--338

 []

[8]
Chapitre 3.

Overfull \hbox (1.60626pt too wide) in paragraph at lines 404--404
[]\T1/cmtt/m/n/10.95 * Fonction permettant de trouver le nombre d'interlignes e
ntre deux notes sur la portée.[] 
 []


Overfull \hbox (7.26463pt too wide) in paragraph at lines 404--404
[]    \T1/cmtt/m/n/10.95 resteDemiTons = resteDemiTons - tonaliteMajeure[cmpt m
odulo tonaliteMajeure.taille ];[] 
 []

[9

]
Underfull \hbox (badness 10000) in paragraph at lines 414--424

 []


Underfull \hbox (badness 10000) in paragraph at lines 426--436

 []


Underfull \hbox (badness 10000) in paragraph at lines 447--453

 []


Underfull \hbox (badness 10000) in paragraph at lines 455--459

 []


Underfull \hbox (badness 10000) in paragraph at lines 462--466

 []

[10]
Underfull \hbox (badness 10000) in paragraph at lines 467--474

 []


Underfull \hbox (badness 10000) in paragraph at lines 494--496

 []


Underfull \hbox (badness 10000) in paragraph at lines 497--505

 []


Underfull \hbox (badness 10000) in paragraph at lines 506--511

 []


Underfull \hbox (badness 10000) in paragraph at lines 512--518

 []

[11]
Underfull \hbox (badness 10000) in paragraph at lines 519--522

 []

<images/Diagrammedeclasses.png, id=273, 954.56625pt x 744.7825pt>
File: images/Diagrammedeclasses.png Graphic file (type png)

<use images/Diagrammedeclasses.png>
Package pdftex.def Info: images/Diagrammedeclasses.png used on input line 524.
(pdftex.def)             Requested size: 496.33038pt x 387.24367pt.

Underfull \hbox (badness 10000) in paragraph at lines 537--543

 []


Underfull \hbox (badness 10000) in paragraph at lines 545--555

 []

[12 <./images/Diagrammedeclasses.png>]
Underfull \hbox (badness 10000) in paragraph at lines 557--565

 []

[13]
Chapitre 4.
<images/gantt.png, id=286, 1458.44875pt x 442.65375pt>
File: images/gantt.png Graphic file (type png)
 <use images/gantt.png>
Package pdftex.def Info: images/gantt.png used on input line 581.
(pdftex.def)             Requested size: 496.33038pt x 150.63536pt.

[14

 <./images/gantt.png>]
Chapitre 5.

Underfull \hbox (badness 10000) in paragraph at lines 607--612

 []


Underfull \hbox (badness 10000) in paragraph at lines 613--618

 []


Underfull \hbox (badness 10000) in paragraph at lines 619--625

 []


Underfull \hbox (badness 10000) in paragraph at lines 619--625

 []


Underfull \hbox (badness 10000) in paragraph at lines 626--635

 []


Underfull \hbox (badness 10000) in paragraph at lines 636--642

 []

[15

]
Underfull \hbox (badness 10000) in paragraph at lines 643--649

 []


Underfull \hbox (badness 10000) in paragraph at lines 651--655

 []

[16]
Chapitre 6.
<images/neck.png, id=302, 1891.7877pt x 172.0026pt>
File: images/neck.png Graphic file (type png)
 <use images/neck.png>
Package pdftex.def Info: images/neck.png used on input line 672.
(pdftex.def)             Requested size: 496.33038pt x 45.12642pt.

Underfull \hbox (badness 10000) in paragraph at lines 675--677

 []

<images/note_portee.jpg, id=303, 592.2125pt x 168.63pt>
File: images/note_portee.jpg Graphic file (type jpg)

<use images/note_portee.jpg>
Package pdftex.def Info: images/note_portee.jpg used on input line 690.
(pdftex.def)             Requested size: 496.33038pt x 141.33173pt.
Package atveryend Info: Empty hook `BeforeClearDocument' on input line 702.
 [17

 <./images/neck.png> <./images/note_portee.jpg>] [18]
Package atveryend Info: Empty hook `AfterLastShipout' on input line 702.
 (./Rapport.aux)
Package atveryend Info: Executing hook `AtVeryEndDocument' on input line 702.
Package atveryend Info: Executing hook `AtEndAfterFileList' on input line 702.
Package rerunfilecheck Info: File `Rapport.out' has not changed.
(rerunfilecheck)             Checksum: 74C64085D2F5CE8D5161E9E06221A08B;2480.
Package atveryend Info: Empty hook `AtVeryVeryEnd' on input line 702.
 ) 
Here is how much of TeX's memory you used:
 9493 strings out of 494958
 143198 string characters out of 6179214
 293884 words of memory out of 5000000
 12519 multiletter control sequences out of 15000+600000
 17868 words of font info for 39 fonts, out of 8000000 for 9000
 36 hyphenation exceptions out of 8191
 36i,8n,38p,930b,544s stack positions out of 5000i,500n,10000p,200000b,80000s
 </home/alex/.texmf-var/fonts/pk/ljfour/jknappen/ec/ecti1095.600pk> </home/al
ex/.texmf-var/fonts/pk/ljfour/jknappen/ec/eccc1095.600pk> </home/alex/.texmf-va
r/fonts/pk/ljfour/jknappen/ec/ecsx1200.600pk> </home/alex/.texmf-var/fonts/pk/l
jfour/jknappen/ec/ectt1095.600pk> </home/alex/.texmf-var/fonts/pk/ljfour/jknapp
en/ec/ecsx1440.600pk> </home/alex/.texmf-var/fonts/pk/ljfour/jknappen/ec/ecbx10
95.600pk> </home/alex/.texmf-var/fonts/pk/ljfour/jknappen/ec/ecrm1095.600pk> </
home/alex/.texmf-var/fonts/pk/ljfour/jknappen/ec/ecsx1095.600pk> </home/alex/.t
exmf-var/fonts/pk/ljfour/jknappen/ec/ecsi1200.600pk> </home/alex/.texmf-var/fon
ts/pk/ljfour/jknappen/ec/eccc1200.600pk> </home/alex/.texmf-var/fonts/pk/ljfour
/jknappen/ec/ecss1200.600pk> </home/alex/.texmf-var/fonts/pk/ljfour/jknappen/ec
/ecsx2074.600pk> </home/alex/.texmf-var/fonts/pk/ljfour/jknappen/ec/eccc1440.60
0pk> </home/alex/.texmf-var/fonts/pk/ljfour/jknappen/ec/eccc1728.600pk>
Output written on Rapport.pdf (18 pages, 8009904 bytes).
PDF statistics:
 788 PDF objects out of 1000 (max. 8388607)
 323 compressed objects within 4 object streams
 63 named destinations out of 1000 (max. 500000)
 353 words of extra memory for PDF output out of 10000 (max. 10000000)

