\BOOKMARK [0][-]{chapter.1}{Introduction}{}% 1
\BOOKMARK [1][-]{section.1.1}{Contexte}{chapter.1}% 2
\BOOKMARK [1][-]{section.1.2}{L\220existant}{chapter.1}% 3
\BOOKMARK [2][-]{subsection.1.2.1}{Le site}{section.1.2}% 4
\BOOKMARK [2][-]{subsection.1.2.2}{Premi\350re application Balezator}{section.1.2}% 5
\BOOKMARK [2][-]{subsection.1.2.3}{Applications en concurrence sur l\220App-store \(veille technologique\)}{section.1.2}% 6
\BOOKMARK [0][-]{chapter.2}{Le produit}{}% 7
\BOOKMARK [1][-]{section.2.1}{Description de la demande}{chapter.2}% 8
\BOOKMARK [1][-]{section.2.2}{Fonctions du produit}{chapter.2}% 9
\BOOKMARK [0][-]{chapter.3}{Contraintes}{}% 10
\BOOKMARK [1][-]{section.3.1}{Contraintes de mat\351riel/logiciel}{chapter.3}% 11
\BOOKMARK [1][-]{section.3.2}{Contraintes de temps}{chapter.3}% 12
\BOOKMARK [1][-]{section.3.3}{Contraintes de programmation}{chapter.3}% 13
\BOOKMARK [0][-]{chapter.4}{D\351roulement du projet}{}% 14
\BOOKMARK [1][-]{section.4.1}{Organisation}{chapter.4}% 15
\BOOKMARK [1][-]{section.4.2}{Mat\351riel/logiciel utilis\351s}{chapter.4}% 16
\BOOKMARK [1][-]{section.4.3}{UML}{chapter.4}% 17
\BOOKMARK [2][-]{subsection.4.3.1}{Cas d\220utilisation}{section.4.3}% 18
\BOOKMARK [2][-]{subsection.4.3.2}{Fiche d\351taill\351e des cas d\220utilisation}{section.4.3}% 19
\BOOKMARK [0][-]{chapter.5}{Tests de validation}{}% 20
\BOOKMARK [1][-]{section.5.1}{Sc\351nario logique de l'application}{chapter.5}% 21
\BOOKMARK [1][-]{section.5.2}{Maquettes}{chapter.5}% 22
\BOOKMARK [2][-]{subsection.5.2.1}{Mode manche/clavier}{section.5.2}% 23
\BOOKMARK [2][-]{subsection.5.2.2}{Mode port\351e/manche}{section.5.2}% 24
\BOOKMARK [1][-]{section.5.3}{Remarque}{chapter.5}% 25
